f:\m\code\keshe_gui\keshe_gui\x64\debug\vc143.pdb
f:\m\code\keshe_gui\keshe_gui\x64\debug\vc143.idb
f:\m\code\keshe_gui\keshe_gui\x64\debug\resource_manager.obj
f:\m\code\keshe_gui\keshe_gui\x64\debug\register_interface.obj
f:\m\code\keshe_gui\keshe_gui\x64\debug\management_interface.obj
f:\m\code\keshe_gui\keshe_gui\x64\debug\main.obj
f:\m\code\keshe_gui\keshe_gui\x64\debug\login_interface.obj
f:\m\code\keshe_gui\keshe_gui\x64\debug\linked_list.obj
f:\m\code\keshe_gui\keshe_gui\x64\debug\lab_room.obj
f:\m\code\keshe_gui\keshe_gui\x64\debug\info_operations.obj
f:\m\code\keshe_gui\keshe_gui\x64\debug\id_manager.obj
f:\m\code\keshe_gui\keshe_gui\x64\debug\experimental_equipment.obj
f:\m\code\keshe_gui\keshe_gui\x64\debug\equipment_management.obj
f:\m\code\keshe_gui\keshe_gui\x64\debug\category.obj
f:\m\code\keshe_gui\keshe_gui\x64\debug\account.obj
f:\m\code\keshe_gui\keshe_gui\x64\debug\main_ui.obj
f:\m\code\keshe_gui\keshe_gui\x64\debug\function_ui.obj
f:\m\code\keshe_gui\keshe_gui\x64\debug\keshe_gui.res
f:\m\code\keshe_gui\keshe_gui\x64\debug\keshe_gui.ilk
f:\m\code\keshe_gui\keshe_gui\x64\debug\ui.obj
f:\m\code\keshe_gui\x64\debug\keshe_gui.pdb
f:\m\code\keshe_gui\keshe_gui\x64\debug\keshe_gui.tlog\cl.command.1.tlog
f:\m\code\keshe_gui\keshe_gui\x64\debug\keshe_gui.tlog\cl.items.tlog
f:\m\code\keshe_gui\keshe_gui\x64\debug\keshe_gui.tlog\cl.read.1.tlog
f:\m\code\keshe_gui\keshe_gui\x64\debug\keshe_gui.tlog\cl.write.1.tlog
f:\m\code\keshe_gui\keshe_gui\x64\debug\keshe_gui.tlog\link.11728-cvtres.read.1.tlog
f:\m\code\keshe_gui\keshe_gui\x64\debug\keshe_gui.tlog\link.11728-cvtres.write.1.tlog
f:\m\code\keshe_gui\keshe_gui\x64\debug\keshe_gui.tlog\link.11728-rc.read.1.tlog
f:\m\code\keshe_gui\keshe_gui\x64\debug\keshe_gui.tlog\link.11728-rc.write.1.tlog
f:\m\code\keshe_gui\keshe_gui\x64\debug\keshe_gui.tlog\link.11728.read.1.tlog
f:\m\code\keshe_gui\keshe_gui\x64\debug\keshe_gui.tlog\link.11728.read.2.tlog
f:\m\code\keshe_gui\keshe_gui\x64\debug\keshe_gui.tlog\link.11728.read.3.tlog
f:\m\code\keshe_gui\keshe_gui\x64\debug\keshe_gui.tlog\link.11728.read.4.tlog
f:\m\code\keshe_gui\keshe_gui\x64\debug\keshe_gui.tlog\link.11728.read.5.tlog
f:\m\code\keshe_gui\keshe_gui\x64\debug\keshe_gui.tlog\link.11728.write.1.tlog
f:\m\code\keshe_gui\keshe_gui\x64\debug\keshe_gui.tlog\link.command.1.tlog
f:\m\code\keshe_gui\keshe_gui\x64\debug\keshe_gui.tlog\link.read.1.tlog
f:\m\code\keshe_gui\keshe_gui\x64\debug\keshe_gui.tlog\link.secondary.1.tlog
f:\m\code\keshe_gui\keshe_gui\x64\debug\keshe_gui.tlog\link.write.1.tlog
f:\m\code\keshe_gui\keshe_gui\x64\debug\keshe_gui.tlog\rc.command.1.tlog
f:\m\code\keshe_gui\keshe_gui\x64\debug\keshe_gui.tlog\rc.read.1.tlog
f:\m\code\keshe_gui\keshe_gui\x64\debug\keshe_gui.tlog\rc.write.1.tlog
